<?xml version='1.0'?>
<ns2:test-suite xmlns:ns2='urn:model.allure.qatools.yandex.ru' start='1577295419389' stop='1577295426912'>
    <name>Cafetownsend Test</name>
    <title>Cafetownsend Test</title>
    <test-cases>
        <test-case start='1577295419390' status='passed' stop='1577295423170'>
            <name>should be able to login</name>
            <title>should be able to login</title>
            <labels>
                <label name='language' value='javascript'/>
                <label name='framework' value='wdio'/>
                <label name='thread' value='0-0'/>
            </labels>
            <parameters>
                <parameter kind='argument' name='browser' value='chrome'/>
            </parameters>
            <steps/>
            <attachments/>
        </test-case>
        <test-case start='1577295423170' status='passed' stop='1577295426795'>
            <name>should be able to create user</name>
            <title>should be able to create user</title>
            <labels>
                <label name='language' value='javascript'/>
                <label name='framework' value='wdio'/>
                <label name='thread' value='0-0'/>
            </labels>
            <parameters>
                <parameter kind='argument' name='browser' value='chrome'/>
            </parameters>
            <steps/>
            <attachments/>
        </test-case>
        <test-case start='1577295426795' status='broken' stop='1577295426798'>
            <name>should be able to delete user</name>
            <title>should be able to delete user</title>
            <labels>
                <label name='language' value='javascript'/>
                <label name='framework' value='wdio'/>
                <label name='thread' value='0-0'/>
            </labels>
            <parameters>
                <parameter kind='argument' name='browser' value='chrome'/>
            </parameters>
            <steps/>
            <attachments/>
            <failure>
                <message>DeleteUser.usertobeDeleted is not a function</message>
                <stack-trace>TypeError: DeleteUser.usertobeDeleted is not a function
                    at Context.&lt;anonymous> (C:\WebdriverIO\test\specs\E2E.js:31:20)
                    at Context.executeSync (C:\WebdriverIO\test\node_modules\@wdio\sync\build\index.js:56:18)
                    at C:\WebdriverIO\test\node_modules\@wdio\sync\build\index.js:82:70</stack-trace>
            </failure>
        </test-case>
        <test-case start='1577295426799' status='failed' stop='1577295426911'>
            <name>should be able to logout</name>
            <title>should be able to logout</title>
            <labels>
                <label name='language' value='javascript'/>
                <label name='framework' value='wdio'/>
                <label name='thread' value='0-0'/>
            </labels>
            <parameters>
                <parameter kind='argument' name='browser' value='chrome'/>
            </parameters>
            <steps/>
            <attachments/>
            <failure>
                <message>Expected &lt;[object Object]> to be there, but it is not there.</message>
                <stack-trace>AssertionError: Expected &lt;[object Object]> to be there, but it is not there.
                    at Context.&lt;anonymous> (C:\WebdriverIO\test\specs\E2E.js:42:51)
                    at Context.executeSync (C:\WebdriverIO\test\node_modules\@wdio\sync\build\index.js:56:18)
                    at C:\WebdriverIO\test\node_modules\@wdio\sync\build\index.js:82:70</stack-trace>
            </failure>
        </test-case>
    </test-cases>
</ns2:test-suite>